2024-08-09 03:17:58,659 - DEBUG - Discovered data provider functions: {'script1_data': <function script1_data at 0x000002A2684F8680>, 'script2_data': <function script2_data at 0x000002A2684F8720>, 'script3_data': <function script3_data at 0x000002A2684F91C0>, 'script4_data': <function script4_data at 0x000002A2684F9260>}
2024-08-09 03:17:58,660 - INFO - Starting the data utility script with folder path: D:\MyRecentProjects\Data_Utility\updated_scripts
2024-08-09 03:17:58,660 - INFO - No action defined for script: test_script1.py
2024-08-09 03:17:58,660 - INFO - No action defined for script: test_script2.py
2024-08-09 03:17:58,660 - INFO - No action defined for script: test_script3.py
2024-08-09 03:17:58,660 - INFO - No action defined for script: test_script4.py
2024-08-09 03:17:58,660 - INFO - Total files processed: 0
2024-08-09 03:17:58,660 - INFO - Total rows added: 0
2024-08-09 03:17:58,660 - INFO - Script execution completed.

2024-08-09 03:18:42,359 - DEBUG - Discovered data provider functions: {'script1_data': <function script1_data at 0x00000289873CC680>, 'script2_data': <function script2_data at 0x000002898729DF80>, 'script3_data': <function script3_data at 0x0000028987518F40>, 'script4_data': <function script4_data at 0x0000028987518FE0>}
2024-08-09 03:18:42,359 - INFO - Starting the data utility script with folder path: D:\MyRecentProjects\Data_Utility\updated_scripts
2024-08-09 03:18:42,359 - INFO - No action defined for script: test_script1.py
2024-08-09 03:18:42,359 - INFO - No action defined for script: test_script2.py
2024-08-09 03:18:42,359 - INFO - No action defined for script: test_script3.py
2024-08-09 03:18:42,359 - INFO - No action defined for script: test_script4.py
2024-08-09 03:18:42,359 - INFO - Total files processed: 0
2024-08-09 03:18:42,359 - INFO - Total rows added: 0
2024-08-09 03:18:42,359 - INFO - Script execution completed.

2024-08-09 03:19:14,613 - DEBUG - Discovered data provider functions: {'script1_data': <function script1_data at 0x0000026276DF8680>, 'script2_data': <function script2_data at 0x0000026276DF8720>, 'script3_data': <function script3_data at 0x0000026276DF91C0>, 'test_script4_data': <function test_script4_data at 0x0000026276DF9260>}
2024-08-09 03:19:14,613 - INFO - Starting the data utility script with folder path: D:\MyRecentProjects\Data_Utility\updated_scripts
2024-08-09 03:19:14,613 - INFO - No action defined for script: test_script1.py
2024-08-09 03:19:14,613 - INFO - No action defined for script: test_script2.py
2024-08-09 03:19:14,613 - INFO - No action defined for script: test_script3.py
2024-08-09 03:19:14,614 - INFO - Processing script: test_script4.py
2024-08-09 03:19:14,616 - INFO - Processing existing CSV file: D:\MyRecentProjects\Data_Utility\updated_scripts\test_script4.csv
2024-08-09 03:19:14,617 - ERROR - Error updating CSV file D:\MyRecentProjects\Data_Utility\updated_scripts\test_script4.csv: "['Account'] not in index"
2024-08-09 03:19:14,617 - INFO - Total files processed: 1
2024-08-09 03:19:14,617 - INFO - Total rows added: 6
2024-08-09 03:19:14,617 - INFO - Script execution completed.

2024-08-09 03:19:54,307 - DEBUG - Discovered data provider functions: {'script1_data': <function script1_data at 0x000001F6AD008680>, 'script2_data': <function script2_data at 0x000001F6AD008720>, 'script3_data': <function script3_data at 0x000001F6AD0091C0>, 'test_script4_data': <function test_script4_data at 0x000001F6AD009260>}
2024-08-09 03:19:54,307 - INFO - Starting the data utility script with folder path: D:\MyRecentProjects\Data_Utility\updated_scripts
2024-08-09 03:19:54,307 - INFO - No action defined for script: test_script1.py
2024-08-09 03:19:54,307 - INFO - No action defined for script: test_script2.py
2024-08-09 03:19:54,307 - INFO - No action defined for script: test_script3.py
2024-08-09 03:19:54,307 - INFO - Processing script: test_script4.py
2024-08-09 03:19:54,310 - INFO - Processing existing CSV file: D:\MyRecentProjects\Data_Utility\updated_scripts\test_script4.csv
2024-08-09 03:19:54,325 - INFO - Replaced all rows with new data in D:\MyRecentProjects\Data_Utility\updated_scripts\test_script4.csv.
2024-08-09 03:19:54,325 - INFO - Total files processed: 1
2024-08-09 03:19:54,325 - INFO - Total rows added: 6
2024-08-09 03:19:54,325 - INFO - Script execution completed.

2024-08-09 03:20:07,305 - DEBUG - Discovered data provider functions: {'script1_data': <function script1_data at 0x0000022ECBB18680>, 'script2_data': <function script2_data at 0x0000022ECBB18720>, 'script3_data': <function script3_data at 0x0000022ECBB191C0>, 'script4_data': <function script4_data at 0x0000022ECBB19260>}
2024-08-09 03:20:07,305 - INFO - Starting the data utility script with folder path: D:\MyRecentProjects\Data_Utility\updated_scripts
2024-08-09 03:20:07,305 - INFO - No action defined for script: test_script1.py
2024-08-09 03:20:07,305 - INFO - No action defined for script: test_script2.py
2024-08-09 03:20:07,305 - INFO - No action defined for script: test_script3.py
2024-08-09 03:20:07,305 - INFO - No action defined for script: test_script4.py
2024-08-09 03:20:07,305 - INFO - Total files processed: 0
2024-08-09 03:20:07,305 - INFO - Total rows added: 0
2024-08-09 03:20:07,305 - INFO - Script execution completed.

2024-08-09 03:21:13,552 - DEBUG - Discovered data provider functions: {'script1_data': <function script1_data at 0x0000020D5EEA8860>, 'script2_data': <function script2_data at 0x0000020D5EEA8900>, 'script3_data': <function script3_data at 0x0000020D5EEA93A0>, 'script4_data': <function script4_data at 0x0000020D5EEA9440>, 'test_script1_data': <function test_script1_data at 0x0000020D5EEA94E0>, 'test_script2_data': <function test_script2_data at 0x0000020D5EEA9580>, 'test_script3_data': <function test_script3_data at 0x0000020D5EEA9620>, 'test_script4_data': <function test_script4_data at 0x0000020D5EEA96C0>}
2024-08-09 03:21:13,552 - INFO - Starting the data utility script with folder path: D:\MyRecentProjects\Data_Utility\updated_scripts
2024-08-09 03:21:13,552 - INFO - Processing script: test_script1.py
2024-08-09 03:21:13,636 - ERROR - Error processing scripts in folder D:\MyRecentProjects\Data_Utility\updated_scripts: test_script1_data() missing 3 required positional arguments: 'current_branch_code', 'currency_code', and 'account_type'
2024-08-09 03:21:13,636 - INFO - Script execution completed.

2024-08-09 03:21:44,201 - DEBUG - Discovered data provider functions: {'test_script4_data': <function test_script4_data at 0x0000020049EADF80>}
2024-08-09 03:21:44,201 - INFO - Starting the data utility script with folder path: D:\MyRecentProjects\Data_Utility\updated_scripts
2024-08-09 03:21:44,201 - INFO - No action defined for script: test_script1.py
2024-08-09 03:21:44,201 - INFO - No action defined for script: test_script2.py
2024-08-09 03:21:44,201 - INFO - No action defined for script: test_script3.py
2024-08-09 03:21:44,201 - INFO - Processing script: test_script4.py
2024-08-09 03:21:44,204 - INFO - Processing existing CSV file: D:\MyRecentProjects\Data_Utility\updated_scripts\test_script4.csv
2024-08-09 03:21:44,207 - INFO - Replaced all rows with new data in D:\MyRecentProjects\Data_Utility\updated_scripts\test_script4.csv.
2024-08-09 03:21:44,207 - INFO - Total files processed: 1
2024-08-09 03:21:44,207 - INFO - Total rows added: 6
2024-08-09 03:21:44,207 - INFO - Script execution completed.

