2024-08-27 02:02:09,452 - INFO - Updated script saved to system_generated_scripts\test_sauce_demo.py
2024-08-27 02:02:09,530 - INFO - Updated script saved to system_generated_scripts\test_scripting.py
2024-08-27 02:02:09,572 - INFO - Updated script saved to system_generated_scripts\first\test_script_1.py
2024-08-27 02:02:09,613 - INFO - Updated script saved to system_generated_scripts\second\test_script_2.py
2024-08-27 02:02:09,652 - INFO - Updated script saved to system_generated_scripts\third\test_script_3.py
2024-08-27 02:02:09,660 - INFO - Scripts have been parsed, updated, and saved successfully.
2024-08-27 02:02:09,660 - INFO - Total scripts updated: 5
2024-08-27 02:02:09,660 - INFO - Total CSV files generated: 5
2024-08-27 02:02:09,660 - INFO - Total time taken: 0.24 seconds

2024-08-27 02:02:44,324 - INFO - Updated script saved to system_generated_scripts\test_sauce_demo.py
2024-08-27 02:02:44,367 - INFO - Updated script saved to system_generated_scripts\test_scripting.py
2024-08-27 02:02:44,403 - INFO - Updated script saved to system_generated_scripts\first\test_script_1.py
2024-08-27 02:02:44,437 - INFO - Updated script saved to system_generated_scripts\second\test_script_2.py
2024-08-27 02:02:44,469 - INFO - Updated script saved to system_generated_scripts\third\test_script_3.py
2024-08-27 02:02:44,471 - INFO - Scripts have been parsed, updated, and saved successfully.
2024-08-27 02:02:44,472 - INFO - Total scripts updated: 5
2024-08-27 02:02:44,472 - INFO - Total CSV files generated: 5
2024-08-27 02:02:44,472 - INFO - Total time taken: 0.17 seconds

2024-08-27 02:04:21,574 - INFO - Updated script saved to system_generated_scripts\test_sauce_demo.py
2024-08-27 02:04:21,616 - INFO - Updated script saved to system_generated_scripts\test_scripting.py
2024-08-27 02:04:21,649 - INFO - Updated script saved to system_generated_scripts\first\test_script_1.py
2024-08-27 02:04:21,682 - INFO - Updated script saved to system_generated_scripts\second\test_script_2.py
2024-08-27 02:04:21,715 - INFO - Updated script saved to system_generated_scripts\third\test_script_3.py
2024-08-27 02:04:21,718 - INFO - Scripts have been parsed, updated, and saved successfully.
2024-08-27 02:04:21,718 - INFO - Total scripts updated: 5
2024-08-27 02:04:21,718 - INFO - Total CSV files generated: 5
2024-08-27 02:04:21,718 - INFO - Total time taken: 0.16 seconds

2024-08-27 02:07:01,168 - INFO - Updated script saved to system_generated_scripts\test_sauce_demo.py
2024-08-27 02:07:01,211 - INFO - Updated script saved to system_generated_scripts\test_scripting.py
2024-08-27 02:07:01,245 - INFO - Updated script saved to system_generated_scripts\first\test_script_1.py
2024-08-27 02:07:01,278 - INFO - Updated script saved to system_generated_scripts\second\test_script_2.py
2024-08-27 02:07:01,312 - INFO - Updated script saved to system_generated_scripts\third\test_script_3.py
2024-08-27 02:07:01,314 - INFO - Scripts have been parsed, updated, and saved successfully.
2024-08-27 02:07:01,314 - INFO - Total scripts updated: 5
2024-08-27 02:07:01,314 - INFO - Total CSV files generated: 5
2024-08-27 02:07:01,314 - INFO - Total time taken: 0.17 seconds

2024-08-27 02:07:32,638 - INFO - Updated script saved to system_generated_scripts\test_sauce_demo.py
2024-08-27 02:07:32,681 - INFO - Updated script saved to system_generated_scripts\test_scripting.py
2024-08-27 02:07:32,716 - INFO - Updated script saved to system_generated_scripts\first\test_script_1.py
2024-08-27 02:07:32,754 - INFO - Updated script saved to system_generated_scripts\second\test_script_2.py
2024-08-27 02:07:32,788 - INFO - Updated script saved to system_generated_scripts\third\test_script_3.py
2024-08-27 02:07:32,790 - INFO - Scripts have been parsed, updated, and saved successfully.
2024-08-27 02:07:32,790 - INFO - Total scripts updated: 5
2024-08-27 02:07:32,790 - INFO - Total CSV files generated: 5
2024-08-27 02:07:32,790 - INFO - Total time taken: 0.17 seconds

2024-08-27 02:15:59,086 - INFO - Updated script saved to system_generated_scripts\test_sauce_demo.py
2024-08-27 02:15:59,133 - INFO - Updated script saved to system_generated_scripts\test_scripting.py
2024-08-27 02:15:59,166 - INFO - Updated script saved to system_generated_scripts\first\test_script_1.py
2024-08-27 02:15:59,207 - INFO - Updated script saved to system_generated_scripts\second\test_script_2.py
2024-08-27 02:15:59,248 - INFO - Updated script saved to system_generated_scripts\third\test_script_3.py
2024-08-27 02:15:59,257 - INFO - Scripts have been parsed, updated, and saved successfully.
2024-08-27 02:15:59,257 - INFO - Total scripts updated: 5
2024-08-27 02:15:59,257 - INFO - Total CSV files generated: 5
2024-08-27 02:15:59,257 - INFO - Total time taken: 0.19 seconds

2024-08-27 02:16:11,191 - INFO - Updated script saved to system_generated_scripts\test_sauce_demo.py
2024-08-27 02:16:11,234 - INFO - Updated script saved to system_generated_scripts\test_scripting.py
2024-08-27 02:16:11,267 - INFO - Updated script saved to system_generated_scripts\first\test_script_1.py
2024-08-27 02:16:11,301 - INFO - Updated script saved to system_generated_scripts\second\test_script_2.py
2024-08-27 02:16:11,335 - INFO - Updated script saved to system_generated_scripts\third\test_script_3.py
2024-08-27 02:16:11,337 - INFO - Scripts have been parsed, updated, and saved successfully.
2024-08-27 02:16:11,337 - INFO - Total scripts updated: 5
2024-08-27 02:16:11,337 - INFO - Total CSV files generated: 5
2024-08-27 02:16:11,337 - INFO - Total time taken: 0.17 seconds

2024-08-27 02:17:06,223 - INFO - Updated script saved to system_generated_scripts\test_sauce_demo.py
2024-08-27 02:17:06,263 - INFO - Updated script saved to system_generated_scripts\test_scripting.py
2024-08-27 02:17:06,296 - INFO - Updated script saved to system_generated_scripts\first\test_script_1.py
2024-08-27 02:17:06,329 - INFO - Updated script saved to system_generated_scripts\second\test_script_2.py
2024-08-27 02:17:06,362 - INFO - Updated script saved to system_generated_scripts\third\test_script_3.py
2024-08-27 02:17:06,364 - INFO - Scripts have been parsed, updated, and saved successfully.
2024-08-27 02:17:06,364 - INFO - Total scripts updated: 5
2024-08-27 02:17:06,364 - INFO - Total CSV files generated: 5
2024-08-27 02:17:06,364 - INFO - Total time taken: 0.16 seconds

2024-08-27 02:19:09,575 - INFO - Updated script saved to system_generated_scripts\test_sauce_demo.py
2024-08-27 02:19:09,616 - INFO - Updated script saved to system_generated_scripts\test_scripting.py
2024-08-27 02:19:09,649 - INFO - Updated script saved to system_generated_scripts\first\test_script_1.py
2024-08-27 02:19:09,681 - INFO - Updated script saved to system_generated_scripts\second\test_script_2.py
2024-08-27 02:19:09,714 - INFO - Updated script saved to system_generated_scripts\third\test_script_3.py
2024-08-27 02:19:09,716 - INFO - Scripts have been parsed, updated, and saved successfully.
2024-08-27 02:19:09,717 - INFO - Total scripts updated: 5
2024-08-27 02:19:09,717 - INFO - Total CSV files generated: 5
2024-08-27 02:19:09,717 - INFO - Total time taken: 0.16 seconds

2024-08-27 02:19:23,664 - INFO - Updated script saved to system_generated_scripts\test_sauce_demo.py
2024-08-27 02:19:23,705 - INFO - Updated script saved to system_generated_scripts\test_scripting.py
2024-08-27 02:19:23,738 - INFO - Updated script saved to system_generated_scripts\first\test_script_1.py
2024-08-27 02:19:23,770 - INFO - Updated script saved to system_generated_scripts\second\test_script_2.py
2024-08-27 02:19:23,802 - INFO - Updated script saved to system_generated_scripts\third\test_script_3.py
2024-08-27 02:19:23,805 - INFO - Scripts have been parsed, updated, and saved successfully.
2024-08-27 02:19:23,805 - INFO - Total scripts updated: 5
2024-08-27 02:19:23,805 - INFO - Total CSV files generated: 5
2024-08-27 02:19:23,805 - INFO - Total time taken: 0.16 seconds

